ametria,preceremonial,subjugable
glaikitness,funnies,redischarge
potoroos,chonta,fluobromide
xylotomic,hyperlipoidemia,praeesophageal
soporiferously,overrighteous,stetted
gibbing,disharmonising,sweetbriers
moisturized,cyriologic,unmerry
nomothetical,kiloparsec,exigence
pricefixing,bluish,conventicle
handballer,tridecylic,executor
delisting,unadmittably,arrowhead
enfief,eventognath,nonirritable
freckledness,unpanelled,surflike
reprovableness,uncementing,coattail
blepharophimosis,pantarchy,demiman
bathers,clerking,steepleless
laconized,superjacent,fraenula
misdrove,congeneracy,disfurniture
inapprehensiveness,laughsome,burster
outwriggled,contemplatedly,barrelhead
nonvacua,looneys,escapement
unpunctiliously,campoo,polypian
ogdoas,clangours,mulvel
