bitten
uninsured
reesk
stowaway
actiniums
nonexternalized
draff
tenderling
palpus
dempsters
tripping
nonstably
laryngofissure
pathematic
disentwined
spurwinged
spaller
hurler
ghazies
salicaceous
coals
pirlie
orthotactic
beesting
salability
relaxations
adoors
semicordate
unbashful
hirudine
dipyramidal
centrifuged
orbitotomy
flashy
mastotympanic
lapwing
sparrowdom
dottels
unhonied
bridling
stephanite
domesdays
fratricides
saltier
ruling
disportive
untolerating
horsy
comprizal
antichymosin
uromeric
paegle
tenontothecitis
transferred
gospellike
reopposed
micher
papilionaceous
ethnomusicologist
acetylglycin
aposematically
restaurateurs
microseismic
futzes
verselet
unvisual
advocatress
planetesimal
wristier
goosefishes
hebetative
faggoty
uncollectively
craftspeople
osteofibrous
unvocalised
churlier
disestablished
positronium
stethometric
porch
fastidiousness
diagrammitically
reproductively
voltinism
pleuritical
respectfully
madreporian
douma
sacciferous
whiskerette
uniovulate
folktale
camalig
unreceiving
correspondences
uncasked
polyrhythmic
malleabilities
tauntingly
